<?xml version="1.0" encoding="UTF-8"?>
<testsuite xmlns:xsi="http://www.w3.org/2001/XMLSchema-instance" xsi:noNamespaceSchemaLocation="https://maven.apache.org/surefire/maven-surefire-plugin/xsd/surefire-test-report-3.0.xsd" version="3.0" name="com.challenge.techforb.TechforbApplicationTests" time="3.885" tests="1" errors="0" skipped="0" failures="0">
  <properties>
[...]
</properties>
  <testcase name="contextLoads" classname="com.challenge.techforb.TechforbApplicationTests" time="0.359">
    <system-out><![CDATA[11:38:39.439 [main] INFO org.springframework.test.context.support.AnnotationConfigContextLoaderUtils -- Could not detect default configuration classes for test class [com.challenge.techforb.TechforbApplicationTests]: TechforbApplicationTests does not declare any static, non-private, non-final, nested classes annotated with @Configuration.
11:38:39.517 [main] INFO org.springframework.boot.test.context.SpringBootTestContextBootstrapper -- Found @SpringBootConfiguration com.challenge.techforb.TechforbApplication for test class com.challenge.techforb.TechforbApplicationTests
11:38:39.658 [main] INFO org.springframework.boot.devtools.restart.RestartApplicationListener -- Restart disabled due to context in which it is running

  .   ____          _            __ _ _
 /\\ / ___'_ __ _ _(_)_ __  __ _ \ \ \ \
( ( )\___ | '_ | '_| | '_ \/ _` | \ \ \ \
 \\/  ___)| |_)| | | | | || (_| |  ) ) ) )
  '  |____| .__|_| |_|_| |_\__, | / / / /
 =========|_|==============|___/=/_/_/_/
 :: Spring Boot ::                (v3.2.0)

2023-12-01T11:38:39.871-03:00  INFO 10272 --- [           main] c.c.techforb.TechforbApplicationTests    : Starting TechforbApplicationTests using Java 17.0.6 with PID 10272 (started by io in E:\proyects iope\challenge tech forb\techforb)
2023-12-01T11:38:39.886-03:00  INFO 10272 --- [           main] c.c.techforb.TechforbApplicationTests    : No active profile set, falling back to 1 default profile: "default"
2023-12-01T11:38:40.403-03:00  INFO 10272 --- [           main] .s.d.r.c.RepositoryConfigurationDelegate : Bootstrapping Spring Data JPA repositories in DEFAULT mode.
2023-12-01T11:38:40.465-03:00  INFO 10272 --- [           main] .s.d.r.c.RepositoryConfigurationDelegate : Finished Spring Data repository scanning in 53 ms. Found 3 JPA repository interfaces.
2023-12-01T11:38:40.840-03:00  INFO 10272 --- [           main] o.hibernate.jpa.internal.util.LogHelper  : HHH000204: Processing PersistenceUnitInfo [name: default]
2023-12-01T11:38:40.887-03:00  INFO 10272 --- [           main] org.hibernate.Version                    : HHH000412: Hibernate ORM core version 6.3.1.Final
2023-12-01T11:38:40.918-03:00  INFO 10272 --- [           main] o.h.c.internal.RegionFactoryInitiator    : HHH000026: Second-level cache disabled
2023-12-01T11:38:41.121-03:00  INFO 10272 --- [           main] o.s.o.j.p.SpringPersistenceUnitInfo      : No LoadTimeWeaver setup: ignoring JPA class transformer
2023-12-01T11:38:41.137-03:00  INFO 10272 --- [           main] com.zaxxer.hikari.HikariDataSource       : HikariPool-1 - Starting...
2023-12-01T11:38:41.278-03:00  INFO 10272 --- [           main] com.zaxxer.hikari.pool.HikariPool        : HikariPool-1 - Added connection com.mysql.cj.jdbc.ConnectionImpl@6b2ef50e
2023-12-01T11:38:41.278-03:00  INFO 10272 --- [           main] com.zaxxer.hikari.HikariDataSource       : HikariPool-1 - Start completed.
2023-12-01T11:38:41.309-03:00  WARN 10272 --- [           main] org.hibernate.orm.deprecation            : HHH90000025: MySQL8Dialect does not need to be specified explicitly using 'hibernate.dialect' (remove the property setting and it will be selected by default)
2023-12-01T11:38:41.309-03:00  WARN 10272 --- [           main] org.hibernate.orm.deprecation            : HHH90000026: MySQL8Dialect has been deprecated; use org.hibernate.dialect.MySQLDialect instead
2023-12-01T11:38:41.965-03:00  INFO 10272 --- [           main] o.h.e.t.j.p.i.JtaPlatformInitiator       : HHH000489: No JTA platform available (set 'hibernate.transaction.jta.platform' to enable JTA platform integration)
2023-12-01T11:38:42.012-03:00  INFO 10272 --- [           main] j.LocalContainerEntityManagerFactoryBean : Initialized JPA EntityManagerFactory for persistence unit 'default'
2023-12-01T11:38:42.340-03:00  WARN 10272 --- [           main] JpaBaseConfiguration$JpaWebConfiguration : spring.jpa.open-in-view is enabled by default. Therefore, database queries may be performed during view rendering. Explicitly configure spring.jpa.open-in-view to disable this warning
2023-12-01T11:38:42.590-03:00  INFO 10272 --- [           main] o.s.s.web.DefaultSecurityFilterChain     : Will secure any request with [org.springframework.security.web.session.DisableEncodeUrlFilter@7b55fc83, org.springframework.security.web.context.request.async.WebAsyncManagerIntegrationFilter@3615f8d9, org.springframework.security.web.context.SecurityContextHolderFilter@43c64d6f, org.springframework.security.web.header.HeaderWriterFilter@723f8990, org.springframework.web.filter.CorsFilter@5d200dce, org.springframework.security.web.authentication.logout.LogoutFilter@4552e288, com.challenge.techforb.jwt.JwtAuthenticationFilter@2e03bb74, org.springframework.security.web.savedrequest.RequestCacheAwareFilter@188532da, org.springframework.security.web.servletapi.SecurityContextHolderAwareRequestFilter@f10927f, org.springframework.security.web.authentication.AnonymousAuthenticationFilter@1a59500b, org.springframework.security.web.session.SessionManagementFilter@3fc2e100, org.springframework.security.web.access.ExceptionTranslationFilter@1f207142, org.springframework.security.web.access.intercept.AuthorizationFilter@c3836b6]
2023-12-01T11:38:42.824-03:00  INFO 10272 --- [           main] c.c.techforb.TechforbApplicationTests    : Started TechforbApplicationTests in 3.182 seconds (process running for 3.919)
]]></system-out>
  </testcase>
</testsuite>